[18 Apr 2014 21:53:05] Building database metadata model
[18 Apr 2014 21:53:05] Properties: {partialRefresh=false, processColumnsUsingSelect=, includePrimaryKeys=true, eventSocketClient=com.webratio.commons.net.EventSocketClient@144aa0ce, includeTables=true, username=root, outputLogPath=/Applications/WebRatio_Personal_7.2.x64bit.MacOSX/WebRatio/WebRatio.app/Contents/MacOS/workspace/EW_TP/.Temp~/DB.xml.log, readIndexes=null, driverClass=com.mysql.jdbc.Driver, includeSynonyms=true, metaDataProviderClass=com.webratio.commons.db.metadata.MySQLMetaDataProvider, outputPath=/Applications/WebRatio_Personal_7.2.x64bit.MacOSX/WebRatio/WebRatio.app/Contents/MacOS/workspace/EW_TP/.Temp~/DB.xml, schemaRegex=null, readProcedures=null, includeViews=true, derby.system.home=/Applications/WebRatio_Personal_7.2.x64bit.MacOSX/WebRatio/WebRatio.app/Contents/MacOS/workspace/.metadata/.plugins/com.webratio.commons.db/derby, url=jdbc:mysql://localhost:3306/ew_ideias, tableRegex=null, readSQLDefinitions=true, includeForeignKeys=false, retrieveAllNames=false, tablesToRefresh=, eventSocketPort=54717}
[18 Apr 2014 21:53:05] URL: jdbc:mysql://localhost:3306/ew_ideias
[18 Apr 2014 21:53:05] Product name: MySQL
[18 Apr 2014 21:53:05] Product version: 5.6.14
[18 Apr 2014 21:53:05] Driver name: MySQL Connector Java
[18 Apr 2014 21:53:05] Driver version: mysql-connector-java-5.1.27 ( Revision: alexander.soklakov@oracle.com-20131021093118-gtm1bh1vb450xipt )
[18 Apr 2014 21:53:05] Driver major version: 5
[18 Apr 2014 21:53:05] Driver minor version: 1
[18 Apr 2014 21:53:05] Identifier quote string: 1
[18 Apr 2014 21:53:05] Retrieving schemas
[18 Apr 2014 21:53:05] Retrieving [TABLE, VIEW, SYNONYM] for schema ''
[18 Apr 2014 21:53:05]   Found 'categoria' [type = TABLE]
[18 Apr 2014 21:53:05]   Found 'group' [type = TABLE]
[18 Apr 2014 21:53:05]   Found 'group_module' [type = TABLE]
[18 Apr 2014 21:53:05]   Found 'grupoorcamental' [type = TABLE]
[18 Apr 2014 21:53:05]   Found 'ideia' [type = TABLE]
[18 Apr 2014 21:53:05]   Found 'module' [type = TABLE]
[18 Apr 2014 21:53:05]   Found 'tag' [type = TABLE]
[18 Apr 2014 21:53:05]   Found 'user' [type = TABLE]
[18 Apr 2014 21:53:05]   Found 'user_group' [type = TABLE]
[18 Apr 2014 21:53:05]   Found 'voto' [type = TABLE]
[18 Apr 2014 21:53:05] Retrieving columns for 'categoria' [type = TABLE]
[18 Apr 2014 21:53:05]   Found column: oid [type = INT][SQL/XOPEN type = 4][size = 10][dec. digits = 0]
[18 Apr 2014 21:53:05]   Found column: titulo [type = VARCHAR][SQL/XOPEN type = 12][size = 255][dec. digits = 0]
[18 Apr 2014 21:53:05]   Found column: descricao [type = VARCHAR][SQL/XOPEN type = 12][size = 255][dec. digits = 0]
[18 Apr 2014 21:53:05]   Found column: datainsercao [type = DATE][SQL/XOPEN type = 91][size = 10][dec. digits = 0]
[18 Apr 2014 21:53:05]   Found column: dataedicao [type = DATE][SQL/XOPEN type = 91][size = 10][dec. digits = 0]
[18 Apr 2014 21:53:05] Retrieving primary keys for 'categoria' [type = TABLE]
[18 Apr 2014 21:53:05]   Found primary key column: oid
[18 Apr 2014 21:53:05] Retrieving columns for 'group' [type = TABLE]
[18 Apr 2014 21:53:05]   Found column: oid [type = INT][SQL/XOPEN type = 4][size = 10][dec. digits = 0]
[18 Apr 2014 21:53:05]   Found column: groupname [type = VARCHAR][SQL/XOPEN type = 12][size = 255][dec. digits = 0]
[18 Apr 2014 21:53:05]   Found column: module_oid [type = INT][SQL/XOPEN type = 4][size = 10][dec. digits = 0]
[18 Apr 2014 21:53:05] Retrieving primary keys for 'group' [type = TABLE]
[18 Apr 2014 21:53:05]   Found primary key column: oid
[18 Apr 2014 21:53:05] Retrieving columns for 'group_module' [type = TABLE]
[18 Apr 2014 21:53:05]   Found column: group_oid [type = INT][SQL/XOPEN type = 4][size = 10][dec. digits = 0]
[18 Apr 2014 21:53:05]   Found column: module_oid [type = INT][SQL/XOPEN type = 4][size = 10][dec. digits = 0]
[18 Apr 2014 21:53:05] Retrieving primary keys for 'group_module' [type = TABLE]
[18 Apr 2014 21:53:05]   Found primary key column: group_oid
[18 Apr 2014 21:53:05]   Found primary key column: module_oid
[18 Apr 2014 21:53:05] Retrieving columns for 'grupoorcamental' [type = TABLE]
[18 Apr 2014 21:53:05]   Found column: oid [type = INT][SQL/XOPEN type = 4][size = 10][dec. digits = 0]
[18 Apr 2014 21:53:05]   Found column: titulo [type = VARCHAR][SQL/XOPEN type = 12][size = 255][dec. digits = 0]
[18 Apr 2014 21:53:05]   Found column: descricao [type = VARCHAR][SQL/XOPEN type = 12][size = 255][dec. digits = 0]
[18 Apr 2014 21:53:05]   Found column: datainsercao [type = DATE][SQL/XOPEN type = 91][size = 10][dec. digits = 0]
[18 Apr 2014 21:53:05]   Found column: dataedicao [type = DATE][SQL/XOPEN type = 91][size = 10][dec. digits = 0]
[18 Apr 2014 21:53:05] Retrieving primary keys for 'grupoorcamental' [type = TABLE]
[18 Apr 2014 21:53:05]   Found primary key column: oid
[18 Apr 2014 21:53:05] Retrieving columns for 'ideia' [type = TABLE]
[18 Apr 2014 21:53:05]   Found column: oid [type = INT][SQL/XOPEN type = 4][size = 10][dec. digits = 0]
[18 Apr 2014 21:53:05]   Found column: titulo [type = VARCHAR][SQL/XOPEN type = 12][size = 255][dec. digits = 0]
[18 Apr 2014 21:53:05]   Found column: descricao [type = VARCHAR][SQL/XOPEN type = 12][size = 255][dec. digits = 0]
[18 Apr 2014 21:53:05]   Found column: datainsercao [type = DATE][SQL/XOPEN type = 91][size = 10][dec. digits = 0]
[18 Apr 2014 21:53:05]   Found column: dataedicao [type = DATE][SQL/XOPEN type = 91][size = 10][dec. digits = 0]
[18 Apr 2014 21:53:05]   Found column: rating [type = INT][SQL/XOPEN type = 4][size = 10][dec. digits = 0]
[18 Apr 2014 21:53:05]   Found column: quantia [type = INT][SQL/XOPEN type = 4][size = 10][dec. digits = 0]
[18 Apr 2014 21:53:05]   Found column: aprovada [type = BIT][SQL/XOPEN type = -7][size = 1][dec. digits = 0]
[18 Apr 2014 21:53:05]   Found column: categoria_oid [type = INT][SQL/XOPEN type = 4][size = 10][dec. digits = 0]
[18 Apr 2014 21:53:05]   Found column: tag_oid [type = INT][SQL/XOPEN type = 4][size = 10][dec. digits = 0]
[18 Apr 2014 21:53:05]   Found column: grupoorcamental_oid [type = INT][SQL/XOPEN type = 4][size = 10][dec. digits = 0]
[18 Apr 2014 21:53:05]   Found column: user_oid [type = INT][SQL/XOPEN type = 4][size = 10][dec. digits = 0]
[18 Apr 2014 21:53:05] Retrieving primary keys for 'ideia' [type = TABLE]
[18 Apr 2014 21:53:05]   Found primary key column: oid
[18 Apr 2014 21:53:05] Retrieving columns for 'module' [type = TABLE]
[18 Apr 2014 21:53:05]   Found column: oid [type = INT][SQL/XOPEN type = 4][size = 10][dec. digits = 0]
[18 Apr 2014 21:53:05]   Found column: moduleid [type = VARCHAR][SQL/XOPEN type = 12][size = 255][dec. digits = 0]
[18 Apr 2014 21:53:05]   Found column: modulename [type = VARCHAR][SQL/XOPEN type = 12][size = 255][dec. digits = 0]
[18 Apr 2014 21:53:05] Retrieving primary keys for 'module' [type = TABLE]
[18 Apr 2014 21:53:05]   Found primary key column: oid
[18 Apr 2014 21:53:05] Retrieving columns for 'tag' [type = TABLE]
[18 Apr 2014 21:53:05]   Found column: oid [type = INT][SQL/XOPEN type = 4][size = 10][dec. digits = 0]
[18 Apr 2014 21:53:05]   Found column: nome [type = VARCHAR][SQL/XOPEN type = 12][size = 255][dec. digits = 0]
[18 Apr 2014 21:53:05] Retrieving primary keys for 'tag' [type = TABLE]
[18 Apr 2014 21:53:05]   Found primary key column: oid
[18 Apr 2014 21:53:05] Retrieving columns for 'user' [type = TABLE]
[18 Apr 2014 21:53:05]   Found column: oid [type = INT][SQL/XOPEN type = 4][size = 10][dec. digits = 0]
[18 Apr 2014 21:53:05]   Found column: username [type = VARCHAR][SQL/XOPEN type = 12][size = 255][dec. digits = 0]
[18 Apr 2014 21:53:05]   Found column: password [type = VARCHAR][SQL/XOPEN type = 12][size = 255][dec. digits = 0]
[18 Apr 2014 21:53:05]   Found column: email [type = VARCHAR][SQL/XOPEN type = 12][size = 255][dec. digits = 0]
[18 Apr 2014 21:53:05]   Found column: datanascimento [type = DATE][SQL/XOPEN type = 91][size = 10][dec. digits = 0]
[18 Apr 2014 21:53:05]   Found column: morada [type = VARCHAR][SQL/XOPEN type = 12][size = 255][dec. digits = 0]
[18 Apr 2014 21:53:05]   Found column: foto [type = VARCHAR][SQL/XOPEN type = 12][size = 255][dec. digits = 0]
[18 Apr 2014 21:53:05]   Found column: ip [type = VARCHAR][SQL/XOPEN type = 12][size = 255][dec. digits = 0]
[18 Apr 2014 21:53:05]   Found column: datacriacao [type = DATE][SQL/XOPEN type = 91][size = 10][dec. digits = 0]
[18 Apr 2014 21:53:05]   Found column: dataultimoacesso [type = DATE][SQL/XOPEN type = 91][size = 10][dec. digits = 0]
[18 Apr 2014 21:53:05]   Found column: dataultimaedicao [type = DATE][SQL/XOPEN type = 91][size = 10][dec. digits = 0]
[18 Apr 2014 21:53:05]   Found column: group_oid [type = INT][SQL/XOPEN type = 4][size = 10][dec. digits = 0]
[18 Apr 2014 21:53:05] Retrieving primary keys for 'user' [type = TABLE]
[18 Apr 2014 21:53:05]   Found primary key column: oid
[18 Apr 2014 21:53:05] Retrieving columns for 'user_group' [type = TABLE]
[18 Apr 2014 21:53:05]   Found column: user_oid [type = INT][SQL/XOPEN type = 4][size = 10][dec. digits = 0]
[18 Apr 2014 21:53:05]   Found column: group_oid [type = INT][SQL/XOPEN type = 4][size = 10][dec. digits = 0]
[18 Apr 2014 21:53:05] Retrieving primary keys for 'user_group' [type = TABLE]
[18 Apr 2014 21:53:05]   Found primary key column: user_oid
[18 Apr 2014 21:53:05]   Found primary key column: group_oid
[18 Apr 2014 21:53:05] Retrieving columns for 'voto' [type = TABLE]
[18 Apr 2014 21:53:05]   Found column: oid [type = INT][SQL/XOPEN type = 4][size = 10][dec. digits = 0]
[18 Apr 2014 21:53:05]   Found column: ideia_oid [type = INT][SQL/XOPEN type = 4][size = 10][dec. digits = 0]
[18 Apr 2014 21:53:05]   Found column: user_oid [type = INT][SQL/XOPEN type = 4][size = 10][dec. digits = 0]
[18 Apr 2014 21:53:05] Retrieving primary keys for 'voto' [type = TABLE]
[18 Apr 2014 21:53:05]   Found primary key column: oid
[18 Apr 2014 21:53:05] Retrieving auto-increment columns for 'categoria' [type = TABLE]
[18 Apr 2014 21:53:05] Retrieving auto-increment columns for 'group' [type = TABLE]
[18 Apr 2014 21:53:05] Retrieving auto-increment columns for 'group_module' [type = TABLE]
[18 Apr 2014 21:53:05] Retrieving auto-increment columns for 'grupoorcamental' [type = TABLE]
[18 Apr 2014 21:53:05] Retrieving auto-increment columns for 'ideia' [type = TABLE]
[18 Apr 2014 21:53:05] Retrieving auto-increment columns for 'module' [type = TABLE]
[18 Apr 2014 21:53:05] Retrieving auto-increment columns for 'tag' [type = TABLE]
[18 Apr 2014 21:53:05] Retrieving auto-increment columns for 'user' [type = TABLE]
[18 Apr 2014 21:53:05] Retrieving auto-increment columns for 'user_group' [type = TABLE]
[18 Apr 2014 21:53:05] Retrieving auto-increment columns for 'voto' [type = TABLE]
[18 Apr 2014 21:53:06] Database connection closed
